  Lab2.cpp
  Person.cpp
  TestSort.cpp
C:\Users\ivan2\OneDrive\Рабочий стол\НИЯУ МИФИ\lab-2-2\TestSort.h(98,36): warning C4267: аргумент: преобразование из "size_t" в "int"; возможна потеря данных
  (компиляция исходного файла "TestSort.cpp")
      C:\Users\ivan2\OneDrive\Рабочий стол\НИЯУ МИФИ\lab-2-2\TestSort.h(98,36):
      контекст создания экземпляра шаблона (сначала самый старый)
          C:\Users\ivan2\OneDrive\Рабочий стол\НИЯУ МИФИ\lab-2-2\TestSort.cpp(19,5):
          выполняется компиляция ссылки на экземпляр шаблон функции "void FunctionalBubbleSortTest<int>(T [][2][5],size_t)"
          with
          [
              T=int
          ]
          C:\Users\ivan2\OneDrive\Рабочий стол\НИЯУ МИФИ\lab-2-2\TestSort.h(113,9):
          выполняется компиляция ссылки на экземпляр шаблон функции "void VerifTest<T>(ISorter<T> *,T *,const T *,size_t)"
          with
          [
              T=int
          ]
  
C:\Users\ivan2\OneDrive\Рабочий стол\НИЯУ МИФИ\lab-2-2\TestSort.h(102,9): warning C4267: аргумент: преобразование из "size_t" в "int"; возможна потеря данных
  (компиляция исходного файла "TestSort.cpp")
  
  lab-2-2.cpp
  Создание кода...
  lab-2-2.vcxproj -> C:\Users\ivan2\OneDrive\Рабочий стол\НИЯУ МИФИ\lab-2-2\x64\Debug\lab-2-2.exe
