  lab-2-2.cpp
  Lab2.cpp
C:\Users\ivan2\OneDrive\Рабочий стол\НИЯУ МИФИ\lab-2-2\TestSort.h(45,26): warning C4244: return: преобразование "_Rep" в "int", возможна потеря данных
C:\Users\ivan2\OneDrive\Рабочий стол\НИЯУ МИФИ\lab-2-2\TestSort.h(45,26): warning C4244:         with
C:\Users\ivan2\OneDrive\Рабочий стол\НИЯУ МИФИ\lab-2-2\TestSort.h(45,26): warning C4244:         [
C:\Users\ivan2\OneDrive\Рабочий стол\НИЯУ МИФИ\lab-2-2\TestSort.h(45,26): warning C4244:             _Rep=double
C:\Users\ivan2\OneDrive\Рабочий стол\НИЯУ МИФИ\lab-2-2\TestSort.h(45,26): warning C4244:         ]
  (компиляция исходного файла "Lab2.cpp")
      C:\Users\ivan2\OneDrive\Рабочий стол\НИЯУ МИФИ\lab-2-2\TestSort.h(45,26):
      контекст создания экземпляра шаблона (сначала самый старый)
          C:\Users\ivan2\OneDrive\Рабочий стол\НИЯУ МИФИ\lab-2-2\Lab2.cpp(187,24):
          выполняется компиляция ссылки на экземпляр шаблон функции "int TestSortPerformance<int>(ISorter<int> *,T,T,T)"
          with
          [
              T=int
          ]
  
  Person.cpp
  SequenceTests.cpp
  TestSort.cpp
C:\Users\ivan2\OneDrive\Рабочий стол\НИЯУ МИФИ\lab-2-2\TestSort.h(71,36): warning C4267: аргумент: преобразование из "size_t" в "int"; возможна потеря данных
  (компиляция исходного файла "TestSort.cpp")
      C:\Users\ivan2\OneDrive\Рабочий стол\НИЯУ МИФИ\lab-2-2\TestSort.h(71,36):
      контекст создания экземпляра шаблона (сначала самый старый)
          C:\Users\ivan2\OneDrive\Рабочий стол\НИЯУ МИФИ\lab-2-2\TestSort.cpp(19,5):
          выполняется компиляция ссылки на экземпляр шаблон функции "void FunctionalBubbleSortTest<int>(T [][2][5],size_t)"
          with
          [
              T=int
          ]
          C:\Users\ivan2\OneDrive\Рабочий стол\НИЯУ МИФИ\lab-2-2\TestSort.h(87,9):
          выполняется компиляция ссылки на экземпляр шаблон функции "void VerifTest<T>(ISorter<T> *,T *,const T *,size_t)"
          with
          [
              T=int
          ]
  
  WorkingWithFiles.cpp
  Создание кода
  Previous IPDB not found, fall back to full compilation.
  All 558 functions were compiled because no usable IPDB/IOBJ from previous compilation was found.
  Создание кода завершено
  lab-2-2.vcxproj -> C:\Users\ivan2\OneDrive\Рабочий стол\НИЯУ МИФИ\lab-2-2\x64\Release\lab-2-2.exe
